2013-08-12-00.01.23.226631               Level:EVENT
PID:6410                                 TID:6411
Function:pmdTcpListenerEntryPoint        Line:40
File:pmd/pmdTcpListener.cpp
Message:
Listening on port_test 48127


2013-08-12-00.17.41.495477               Level:EVENT
PID:10551                                TID:10552
Function:pmdTcpListenerEntryPoint        Line:40
File:pmd/pmdTcpListener.cpp
Message:
Listening on port_test 48127


2013-08-12-00.19.51.900445               Level:EVENT
PID:10551                                TID:10555
Function:pmdProcessAgentRequest          Line:40
File:pmd/pmdAgent.cpp
Message:
Process Agent Request

2013-08-12-00.46.06.279817               Level:EVENT
PID:10847                                TID:10850
Function:pmdTcpListenerEntryPoint        Line:40
File:pmd/pmdTcpListener.cpp
Message:
Listening on port_test 48127


2013-08-12-00.46.57.292304               Level:WARNING
PID:10847                                TID:10853
Function:recv                            Line:347
File:oss/ossSocket.cpp
Message:
Peer unexpected shutdown

2013-08-12-00.47.27.282608               Level:EVENT
PID:10856                                TID:10859
Function:pmdTcpListenerEntryPoint        Line:40
File:pmd/pmdTcpListener.cpp
Message:
Listening on port_test 48127


2013-08-12-00.52.47.207990               Level:EVENT
PID:10867                                TID:10870
Function:pmdTcpListenerEntryPoint        Line:40
File:pmd/pmdTcpListener.cpp
Message:
Listening on port_test 48127


2013-08-12-01.08.00.068800               Level:EVENT
PID:11014                                TID:11015
Function:pmdTcpListenerEntryPoint        Line:40
File:pmd/pmdTcpListener.cpp
Message:
Listening on port_test 48127


2013-08-12-01.09.07.271397               Level:WARNING
PID:11014                                TID:11016
Function:recv                            Line:347
File:oss/ossSocket.cpp
Message:
Peer unexpected shutdown

2013-08-12-01.09.55.810504               Level:WARNING
PID:11014                                TID:11016
Function:recv                            Line:347
File:oss/ossSocket.cpp
Message:
Peer unexpected shutdown

2013-08-12-04.53.51.555363               Level:EVENT
PID:19305                                TID:19306
Function:pmdTcpListenerEntryPoint        Line:40
File:pmd/pmdTcpListener.cpp
Message:
Listening on port_test 48127


2013-08-12-05.00.58.247369               Level:EVENT
PID:19336                                TID:19339
Function:pmdTcpListenerEntryPoint        Line:40
File:pmd/pmdTcpListener.cpp
Message:
Listening on port_test 48127


2013-08-12-05.01.40.600580               Level:EVENT
PID:19342                                TID:19345
Function:pmdTcpListenerEntryPoint        Line:40
File:pmd/pmdTcpListener.cpp
Message:
Listening on port_test 48127


2013-08-12-05.05.04.430527               Level:EVENT
PID:19351                                TID:19352
Function:pmdTcpListenerEntryPoint        Line:40
File:pmd/pmdTcpListener.cpp
Message:
Listening on port_test 48127


2013-08-12-05.43.51.153514               Level:EVENT
PID:19394                                TID:19395
Function:pmdTcpListenerEntryPoint        Line:40
File:pmd/pmdTcpListener.cpp
Message:
Listening on port_test 48127


2013-08-12-05.59.42.029314               Level:EVENT
PID:22073                                TID:22074
Function:pmdTcpListenerEntryPoint        Line:40
File:pmd/pmdTcpListener.cpp
Message:
Listening on port_test 48127


2013-08-12-06.04.19.193326               Level:EVENT
PID:22078                                TID:22079
Function:pmdTcpListenerEntryPoint        Line:40
File:pmd/pmdTcpListener.cpp
Message:
Listening on port_test 48127


2013-08-12-06.05.50.806470               Level:EVENT
PID:22081                                TID:22082
Function:pmdTcpListenerEntryPoint        Line:40
File:pmd/pmdTcpListener.cpp
Message:
Listening on port_test 48127


2013-08-12-06.28.17.612332               Level:EVENT
PID:22261                                TID:22264
Function:pmdTcpListenerEntryPoint        Line:40
File:pmd/pmdTcpListener.cpp
Message:
Listening on port_test 48127


2013-08-12-07.06.37.038448               Level:EVENT
PID:3028                                 TID:3031
Function:pmdTcpListenerEntryPoint        Line:40
File:pmd/pmdTcpListener.cpp
Message:
Listening on port_test 48127


2013-08-12-07.12.28.168450               Level:EVENT
PID:3037                                 TID:3040
Function:pmdTcpListenerEntryPoint        Line:40
File:pmd/pmdTcpListener.cpp
Message:
Listening on port_test 48127


2013-08-12-07.23.16.875557               Level:EVENT
PID:4448                                 TID:4449
Function:pmdTcpListenerEntryPoint        Line:40
File:pmd/pmdTcpListener.cpp
Message:
Listening on port_test 48127


2013-08-12-07.23.17.853157               Level:ERROR
PID:4448                                 TID:4449
Function:bind_listen                     Line:179
File:oss/ossSocket.cpp
Message:
Failed to bind socket, rc = 98

2013-08-12-07.23.17.854675               Level:ERROR
PID:4448                                 TID:4449
Function:pmdTcpListenerEntryPoint        Line:63
File:pmd/pmdTcpListener.cpp
Message:
Failed to bind/listen socket

2013-08-12-07.23.17.855674               Level:SEVERE
PID:4448                                 TID:4449
Function:pmdTcpListenerEntryPoint        Line:130
File:pmd/pmdTcpListener.cpp
Message:
Internal error

2013-08-12-07.23.17.856415               Level:SEVERE
PID:4448                                 TID:4449
Function:pmdEDUEntryPoint                Line:204
File:pmd/pmdEDU.cpp
Message:
System EDU: 1, type TCPListener exits with -11

2013-08-12-07.28.13.030423               Level:EVENT
PID:4470                                 TID:4472
Function:pmdTcpListenerEntryPoint        Line:40
File:pmd/pmdTcpListener.cpp
Message:
Listening on port_test 48127


2013-08-12-07.28.14.820860               Level:ERROR
PID:4470                                 TID:4472
Function:bind_listen                     Line:179
File:oss/ossSocket.cpp
Message:
Failed to bind socket, rc = 98

2013-08-12-07.28.14.821423               Level:ERROR
PID:4470                                 TID:4472
Function:pmdTcpListenerEntryPoint        Line:63
File:pmd/pmdTcpListener.cpp
Message:
Failed to bind/listen socket

2013-08-12-07.28.14.821489               Level:SEVERE
PID:4470                                 TID:4472
Function:pmdTcpListenerEntryPoint        Line:130
File:pmd/pmdTcpListener.cpp
Message:
Internal error

2013-08-12-07.28.14.821531               Level:SEVERE
PID:4470                                 TID:4472
Function:pmdEDUEntryPoint                Line:204
File:pmd/pmdEDU.cpp
Message:
System EDU: 1, type TCPListener exits with -11

2013-08-12-07.35.11.629202               Level:EVENT
PID:9749                                 TID:9752
Function:pmdTcpListenerEntryPoint        Line:40
File:pmd/pmdTcpListener.cpp
Message:
Listening on port_test 48127


2013-08-12-07.35.13.373902               Level:ERROR
PID:9749                                 TID:9752
Function:bind_listen                     Line:179
File:oss/ossSocket.cpp
Message:
Failed to bind socket, rc = 98

2013-08-12-07.35.13.374437               Level:ERROR
PID:9749                                 TID:9752
Function:pmdTcpListenerEntryPoint        Line:63
File:pmd/pmdTcpListener.cpp
Message:
Failed to bind/listen socket

2013-08-12-07.35.13.375057               Level:SEVERE
PID:9749                                 TID:9752
Function:pmdTcpListenerEntryPoint        Line:130
File:pmd/pmdTcpListener.cpp
Message:
Internal error

2013-08-12-07.35.13.375665               Level:SEVERE
PID:9749                                 TID:9752
Function:pmdEDUEntryPoint                Line:204
File:pmd/pmdEDU.cpp
Message:
System EDU: 1, type TCPListener exits with -11

2013-08-12-07.37.29.849352               Level:EVENT
PID:9754                                 TID:9755
Function:pmdTcpListenerEntryPoint        Line:40
File:pmd/pmdTcpListener.cpp
Message:
Listening on port_test 48127


2013-08-12-07.50.15.018132               Level:EVENT
PID:11223                                TID:11226
Function:pmdTcpListenerEntryPoint        Line:40
File:pmd/pmdTcpListener.cpp
Message:
Listening on port_test 48127


2013-08-12-07.51.41.978069               Level:EVENT
PID:11223                                TID:11227
Function:pmdProcessAgentRequest          Line:41
File:pmd/pmdAgent.cpp
Message:
Process Agent Request

2013-08-12-07.55.45.802189               Level:EVENT
PID:11223                                TID:11227
Function:pmdProcessAgentRequest          Line:41
File:pmd/pmdAgent.cpp
Message:
Process Agent Request

2013-08-12-07.57.26.722708               Level:EVENT
PID:11223                                TID:11227
Function:pmdProcessAgentRequest          Line:41
File:pmd/pmdAgent.cpp
Message:
Process Agent Request

2013-08-12-07.57.40.026682               Level:EVENT
PID:11223                                TID:11240
Function:pmdProcessAgentRequest          Line:41
File:pmd/pmdAgent.cpp
Message:
Process Agent Request

2013-08-12-07.58.23.730460               Level:EVENT
PID:11223                                TID:11227
Function:pmdProcessAgentRequest          Line:41
File:pmd/pmdAgent.cpp
Message:
Process Agent Request

2013-08-12-07.59.26.785119               Level:EVENT
PID:11243                                TID:11244
Function:pmdTcpListenerEntryPoint        Line:40
File:pmd/pmdTcpListener.cpp
Message:
Listening on port_test 48127


2013-08-12-07.59.52.750607               Level:EVENT
PID:11247                                TID:11250
Function:pmdTcpListenerEntryPoint        Line:40
File:pmd/pmdTcpListener.cpp
Message:
Listening on port_test 48127


2013-08-12-08.14.32.621443               Level:EVENT
PID:11247                                TID:11252
Function:pmdProcessAgentRequest          Line:41
File:pmd/pmdAgent.cpp
Message:
Process Agent Request

2013-08-12-08.14.32.621463               Level:EVENT
PID:11247                                TID:11251
Function:pmdProcessAgentRequest          Line:41
File:pmd/pmdAgent.cpp
Message:
Process Agent Request

2013-08-12-08.17.41.882219               Level:EVENT
PID:11247                                TID:11252
Function:pmdProcessAgentRequest          Line:41
File:pmd/pmdAgent.cpp
Message:
Process Agent Request

2013-08-12-08.17.41.882227               Level:EVENT
PID:11247                                TID:11251
Function:pmdProcessAgentRequest          Line:41
File:pmd/pmdAgent.cpp
Message:
Process Agent Request

2013-08-12-08.18.08.873602               Level:WARNING
PID:11247                                TID:11252
Function:recv                            Line:347
File:oss/ossSocket.cpp
Message:
Peer unexpected shutdown

2013-08-12-08.18.08.873680               Level:WARNING
PID:11247                                TID:11251
Function:recv                            Line:347
File:oss/ossSocket.cpp
Message:
Peer unexpected shutdown

2013-08-12-08.20.38.630772               Level:EVENT
PID:11247                                TID:11252
Function:pmdProcessAgentRequest          Line:41
File:pmd/pmdAgent.cpp
Message:
Process Agent Request

2013-08-12-08.20.38.630796               Level:EVENT
PID:11247                                TID:11251
Function:pmdProcessAgentRequest          Line:41
File:pmd/pmdAgent.cpp
Message:
Process Agent Request

2013-08-12-08.20.38.633794               Level:WARNING
PID:11247                                TID:11252
Function:recv                            Line:347
File:oss/ossSocket.cpp
Message:
Peer unexpected shutdown

2013-08-12-08.20.38.635653               Level:WARNING
PID:11247                                TID:11251
Function:recv                            Line:347
File:oss/ossSocket.cpp
Message:
Peer unexpected shutdown

2013-08-12-08.24.11.218757               Level:EVENT
PID:11247                                TID:11251
Function:pmdProcessAgentRequest          Line:41
File:pmd/pmdAgent.cpp
Message:
Process Agent Request

2013-08-12-08.24.11.218786               Level:EVENT
PID:11247                                TID:11275
Function:pmdProcessAgentRequest          Line:41
File:pmd/pmdAgent.cpp
Message:
Process Agent Request

2013-08-12-08.24.11.218804               Level:EVENT
PID:11247                                TID:11252
Function:pmdProcessAgentRequest          Line:41
File:pmd/pmdAgent.cpp
Message:
Process Agent Request

2013-08-12-08.24.11.218824               Level:EVENT
PID:11247                                TID:11274
Function:pmdProcessAgentRequest          Line:41
File:pmd/pmdAgent.cpp
Message:
Process Agent Request

2013-08-12-08.24.11.219665               Level:WARNING
PID:11247                                TID:11275
Function:recv                            Line:347
File:oss/ossSocket.cpp
Message:
Peer unexpected shutdown

2013-08-12-08.24.11.221522               Level:WARNING
PID:11247                                TID:11274
Function:recv                            Line:347
File:oss/ossSocket.cpp
Message:
Peer unexpected shutdown

2013-08-12-08.24.43.138198               Level:EVENT
PID:11247                                TID:11252
Function:pmdProcessAgentRequest          Line:41
File:pmd/pmdAgent.cpp
Message:
Process Agent Request

2013-08-12-08.24.43.138297               Level:EVENT
PID:11247                                TID:11251
Function:pmdProcessAgentRequest          Line:41
File:pmd/pmdAgent.cpp
Message:
Process Agent Request

2013-08-12-08.24.43.139276               Level:WARNING
PID:11247                                TID:11252
Function:recv                            Line:347
File:oss/ossSocket.cpp
Message:
Peer unexpected shutdown

2013-08-12-08.24.43.140923               Level:WARNING
PID:11247                                TID:11251
Function:recv                            Line:347
File:oss/ossSocket.cpp
Message:
Peer unexpected shutdown

2013-08-12-08.46.52.503583               Level:EVENT
PID:20539                                TID:20542
Function:pmdTcpListenerEntryPoint        Line:40
File:pmd/pmdTcpListener.cpp
Message:
Listening on port_test 48127


2013-08-12-08.47.55.877836               Level:EVENT
PID:20539                                TID:20544
Function:pmdProcessAgentRequest          Line:41
File:pmd/pmdAgent.cpp
Message:
Process Agent Request

2013-08-12-08.47.55.877838               Level:EVENT
PID:20539                                TID:20543
Function:pmdProcessAgentRequest          Line:41
File:pmd/pmdAgent.cpp
Message:
Process Agent Request

2013-08-12-08.48.17.701868               Level:EVENT
PID:20539                                TID:20544
Function:pmdProcessAgentRequest          Line:41
File:pmd/pmdAgent.cpp
Message:
Process Agent Request

2013-08-12-08.48.17.702032               Level:EVENT
PID:20539                                TID:20543
Function:pmdProcessAgentRequest          Line:41
File:pmd/pmdAgent.cpp
Message:
Process Agent Request

2013-08-12-08.49.01.748403               Level:EVENT
PID:20539                                TID:20544
Function:pmdProcessAgentRequest          Line:41
File:pmd/pmdAgent.cpp
Message:
Process Agent Request

2013-08-12-08.49.01.748440               Level:EVENT
PID:20539                                TID:20543
Function:pmdProcessAgentRequest          Line:41
File:pmd/pmdAgent.cpp
Message:
Process Agent Request

2013-08-12-08.50.22.755592               Level:EVENT
PID:20539                                TID:20543
Function:pmdProcessAgentRequest          Line:41
File:pmd/pmdAgent.cpp
Message:
Process Agent Request

2013-08-12-08.51.04.586333               Level:EVENT
PID:20539                                TID:20544
Function:pmdProcessAgentRequest          Line:41
File:pmd/pmdAgent.cpp
Message:
Process Agent Request

2013-08-12-08.51.30.643390               Level:EVENT
PID:20539                                TID:20543
Function:pmdProcessAgentRequest          Line:41
File:pmd/pmdAgent.cpp
Message:
Process Agent Request

2013-08-12-08.51.40.914902               Level:EVENT
PID:20539                                TID:20543
Function:pmdProcessAgentRequest          Line:41
File:pmd/pmdAgent.cpp
Message:
Process Agent Request

2013-08-12-08.52.47.441190               Level:EVENT
PID:20558                                TID:20561
Function:pmdTcpListenerEntryPoint        Line:40
File:pmd/pmdTcpListener.cpp
Message:
Listening on port_test 48127


2013-08-12-08.58.39.210516               Level:EVENT
PID:21888                                TID:21891
Function:pmdTcpListenerEntryPoint        Line:40
File:pmd/pmdTcpListener.cpp
Message:
Listening on port_test 48127


2013-08-12-09.04.59.655949               Level:EVENT
PID:23225                                TID:23228
Function:pmdTcpListenerEntryPoint        Line:40
File:pmd/pmdTcpListener.cpp
Message:
Listening on port_test 48127


2013-08-12-09.05.29.298178               Level:EVENT
PID:23231                                TID:23234
Function:pmdTcpListenerEntryPoint        Line:40
File:pmd/pmdTcpListener.cpp
Message:
Listening on port_test 48127


2013-08-12-09.06.44.448207               Level:EVENT
PID:23231                                TID:23235
Function:pmdProcessAgentRequest          Line:41
File:pmd/pmdAgent.cpp
Message:
Process Agent Request

2013-08-12-09.06.56.303973               Level:WARNING
PID:23231                                TID:23235
Function:recv                            Line:347
File:oss/ossSocket.cpp
Message:
Peer unexpected shutdown

2013-08-12-09.07.17.359414               Level:WARNING
PID:23231                                TID:23238
Function:recv                            Line:347
File:oss/ossSocket.cpp
Message:
Peer unexpected shutdown

2013-08-12-09.08.18.574549               Level:WARNING
PID:23231                                TID:23235
Function:recv                            Line:347
File:oss/ossSocket.cpp
Message:
Peer unexpected shutdown

2013-08-12-09.08.33.998327               Level:WARNING
PID:23231                                TID:23239
Function:recv                            Line:347
File:oss/ossSocket.cpp
Message:
Peer unexpected shutdown

2013-08-12-09.11.58.721665               Level:EVENT
PID:23231                                TID:23235
Function:pmdProcessAgentRequest          Line:41
File:pmd/pmdAgent.cpp
Message:
Process Agent Request

2013-08-12-09.13.06.695905               Level:WARNING
PID:23231                                TID:23238
Function:recv                            Line:347
File:oss/ossSocket.cpp
Message:
Peer unexpected shutdown

2013-08-12-09.17.43.426928               Level:EVENT
PID:23231                                TID:23235
Function:pmdProcessAgentRequest          Line:41
File:pmd/pmdAgent.cpp
Message:
Process Agent Request

2013-08-12-09.17.52.691416               Level:EVENT
PID:23231                                TID:23239
Function:pmdProcessAgentRequest          Line:41
File:pmd/pmdAgent.cpp
Message:
Process Agent Request

2013-08-12-09.22.45.613767               Level:EVENT
PID:24581                                TID:24584
Function:pmdTcpListenerEntryPoint        Line:40
File:pmd/pmdTcpListener.cpp
Message:
Listening on port_test 48127


2013-08-12-09.23.45.628126               Level:EVENT
PID:24592                                TID:24595
Function:pmdTcpListenerEntryPoint        Line:40
File:pmd/pmdTcpListener.cpp
Message:
Listening on port_test 48127


2013-08-12-09.24.33.803230               Level:EVENT
PID:24592                                TID:24596
Function:pmdProcessAgentRequest          Line:41
File:pmd/pmdAgent.cpp
Message:
Process Agent Request

2013-08-12-09.24.33.803219               Level:EVENT
PID:24592                                TID:24598
Function:pmdProcessAgentRequest          Line:41
File:pmd/pmdAgent.cpp
Message:
Process Agent Request

2013-08-12-09.25.13.562414               Level:EVENT
PID:24592                                TID:24598
Function:pmdProcessAgentRequest          Line:41
File:pmd/pmdAgent.cpp
Message:
Process Agent Request

2013-08-12-09.25.13.562466               Level:EVENT
PID:24592                                TID:24596
Function:pmdProcessAgentRequest          Line:41
File:pmd/pmdAgent.cpp
Message:
Process Agent Request

2013-08-12-09.29.26.694179               Level:EVENT
PID:24612                                TID:24615
Function:pmdTcpListenerEntryPoint        Line:40
File:pmd/pmdTcpListener.cpp
Message:
Listening on port_test 48127


2013-08-12-09.40.25.896769               Level:WARNING
PID:24612                                TID:24617
Function:recv                            Line:347
File:oss/ossSocket.cpp
Message:
Peer unexpected shutdown

2013-08-12-09.41.32.279300               Level:EVENT
PID:24612                                TID:24618
Function:pmdProcessAgentRequest          Line:41
File:pmd/pmdAgent.cpp
Message:
Process Agent Request

2013-08-12-09.43.29.236779               Level:EVENT
PID:24612                                TID:24618
Function:pmdProcessAgentRequest          Line:41
File:pmd/pmdAgent.cpp
Message:
Process Agent Request

2013-08-12-09.43.29.236836               Level:EVENT
PID:24612                                TID:24617
Function:pmdProcessAgentRequest          Line:41
File:pmd/pmdAgent.cpp
Message:
Process Agent Request

2013-08-12-10.07.02.801982               Level:EVENT
PID:27780                                TID:27783
Function:pmdTcpListenerEntryPoint        Line:40
File:pmd/pmdTcpListener.cpp
Message:
Listening on port_test 48127


2013-08-12-10.08.10.063300               Level:EVENT
PID:27780                                TID:27784
Function:pmdProcessAgentRequest          Line:41
File:pmd/pmdAgent.cpp
Message:
Process Agent Request

2013-08-12-10.08.20.066977               Level:WARNING
PID:27780                                TID:27784
Function:recv                            Line:347
File:oss/ossSocket.cpp
Message:
Peer unexpected shutdown

2013-08-12-10.09.22.605681               Level:EVENT
PID:27787                                TID:27790
Function:pmdTcpListenerEntryPoint        Line:40
File:pmd/pmdTcpListener.cpp
Message:
Listening on port_test 48127


2013-08-12-10.13.22.476916               Level:EVENT
PID:27787                                TID:27794
Function:pmdProcessAgentRequest          Line:41
File:pmd/pmdAgent.cpp
Message:
Process Agent Request

2013-08-12-10.15.51.849846               Level:EVENT
PID:27787                                TID:27792
Function:pmdProcessAgentRequest          Line:41
File:pmd/pmdAgent.cpp
Message:
Process Agent Request

2013-08-26-19.40.21.753833               Level:EVENT
PID:22421                                TID:22422
Function:pmdTcpListenerEntryPoint        Line:40
File:pmd/pmdTcpListener.cpp
Message:
Listening on port_test 48127


2013-08-26-19.41.01.812538               Level:EVENT
PID:22421                                TID:22424
Function:pmdProcessAgentRequest          Line:83
File:pmd/pmdAgent.cpp
Message:
Insert: insertor: { hello: "world" }

2013-08-26-19.56.58.977290               Level:EVENT
PID:22421                                TID:22424
Function:pmdProcessAgentRequest          Line:143
File:pmd/pmdAgent.cpp
Message:
Delete condition: { hello: "world" }

2013-08-26-20.05.43.620274               Level:EVENT
PID:23772                                TID:23775
Function:pmdTcpListenerEntryPoint        Line:40
File:pmd/pmdTcpListener.cpp
Message:
Listening on port_test 48127


2013-09-21-22.43.32.267120               Level:EVENT
PID:26650                                TID:26651
Function:pmdTcpListenerEntryPoint        Line:40
File:pmd/pmdTcpListener.cpp
Message:
Listening on port_test 48127


2013-09-21-22.46.01.355931               Level:EVENT
PID:26650                                TID:26652
Function:pmdProcessAgentRequest          Line:174
File:pmd/pmdAgent.cpp
Message:
Receive disconnect msg

2013-09-21-23.13.26.693482               Level:EVENT
PID:26650                                TID:26652
Function:pmdEDUEntryPoint                Line:174
File:pmd/pmdEDU.cpp
Message:
EDU 2 is forced

2013-09-24-05.02.01.239150               Level:EVENT
PID:21581                                TID:21582
Function:pmdTcpListenerEntryPoint        Line:40
File:pmd/pmdTcpListener.cpp
Message:
Listening on port_test 48127


2013-09-24-05.02.43.179108               Level:EVENT
PID:21581                                TID:21584
Function:pmdProcessAgentRequest          Line:83
File:pmd/pmdAgent.cpp
Message:
Insert: insertor: { _id: 1, fi: "hi" }

2013-09-24-05.03.02.217627               Level:EVENT
PID:21581                                TID:21584
Function:pmdProcessAgentRequest          Line:125
File:pmd/pmdAgent.cpp
Message:
Query condition: { _id: 1 }

2013-09-24-05.03.02.218067               Level:ERROR
PID:21581                                TID:21584
Function:findIndex                       Line:207
File:ixm/ixmBucket.cpp
Message:
record _id does not exist

2013-09-24-05.03.02.218114               Level:ERROR
PID:21581                                TID:21584
Function:findIndex                       Line:73
File:ixm/ixmBucket.cpp
Message:
Failed to find index, rc = -2

2013-09-24-05.03.02.218205               Level:ERROR
PID:21581                                TID:21584
Function:rtnFind                         Line:94
File:rtn/rtn.cpp
Message:
Failed to call ixm findIndex, rc = -2

2013-09-24-05.03.02.218251               Level:ERROR
PID:21581                                TID:21584
Function:pmdProcessAgentRequest          Line:196
File:pmd/pmdAgent.cpp
Message:
Failed to perform operation, rc = -2

2013-09-24-05.03.02.218334               Level:ERROR
PID:21581                                TID:21584
Function:pmdProcessAgentRequest          Line:224
File:pmd/pmdAgent.cpp
Message:
Invalid argument is received, probe: 0

2013-09-24-05.03.02.218385               Level:ERROR
PID:21581                                TID:21584
Function:pmdAgentEntryPoint              Line:367
File:pmd/pmdAgent.cpp
Message:
Error processing Agent request, rc=-2

2013-09-24-05.04.49.018402               Level:EVENT
PID:21604                                TID:21605
Function:pmdTcpListenerEntryPoint        Line:40
File:pmd/pmdTcpListener.cpp
Message:
Listening on port_test 48127


2013-09-24-05.05.33.780146               Level:EVENT
PID:21604                                TID:21606
Function:pmdProcessAgentRequest          Line:83
File:pmd/pmdAgent.cpp
Message:
Insert: insertor: { _id: 1, fi: "hi" }

2013-09-24-05.05.33.780352               Level:ERROR
PID:21604                                TID:21606
Function:isIDExist                       Line:150
File:ixm/ixmBucket.cpp
Message:
record _id does exist

2013-09-24-05.05.33.780428               Level:ERROR
PID:21604                                TID:21606
Function:isIDExist                       Line:38
File:ixm/ixmBucket.cpp
Message:
Failed to create index, rc = -14

2013-09-24-05.05.33.780538               Level:ERROR
PID:21604                                TID:21606
Function:rtnInsert                       Line:75
File:rtn/rtn.cpp
Message:
Failed to call isIDExist, rc = -14

2013-09-24-05.05.33.780639               Level:ERROR
PID:21604                                TID:21606
Function:pmdProcessAgentRequest          Line:196
File:pmd/pmdAgent.cpp
Message:
Failed to perform operation, rc = -14

2013-09-24-05.05.33.780748               Level:ERROR
PID:21604                                TID:21606
Function:pmdProcessAgentRequest          Line:232
File:pmd/pmdAgent.cpp
Message:
System error, probe: 0, rc = -14

2013-09-24-05.05.33.780926               Level:ERROR
PID:21604                                TID:21606
Function:pmdAgentEntryPoint              Line:367
File:pmd/pmdAgent.cpp
Message:
Error processing Agent request, rc=-14

2013-09-24-05.06.51.974165               Level:EVENT
PID:21607                                TID:21608
Function:pmdTcpListenerEntryPoint        Line:40
File:pmd/pmdTcpListener.cpp
Message:
Listening on port_test 48127


2013-09-24-05.07.34.111328               Level:WARNING
PID:21607                                TID:21610
Function:recv                            Line:347
File:oss/ossSocket.cpp
Message:
Peer unexpected shutdown

2013-09-24-05.07.35.112216               Level:EVENT
PID:21607                                TID:21610
Function:pmdEDUEntryPoint                Line:174
File:pmd/pmdEDU.cpp
Message:
EDU 2 is forced

2013-09-24-05.16.55.233321               Level:EVENT
PID:21644                                TID:21645
Function:pmdTcpListenerEntryPoint        Line:40
File:pmd/pmdTcpListener.cpp
Message:
Listening on port_test 48127


2013-09-24-05.17.48.552788               Level:EVENT
PID:21644                                TID:21650
Function:pmdProcessAgentRequest          Line:125
File:pmd/pmdAgent.cpp
Message:
Query condition: { _id: 1 }

2013-09-24-05.18.25.639521               Level:EVENT
PID:21644                                TID:21650
Function:pmdProcessAgentRequest          Line:83
File:pmd/pmdAgent.cpp
Message:
Insert: insertor: { _id: 2, eo: 235456 }

2013-09-24-05.19.14.565711               Level:EVENT
PID:21644                                TID:21650
Function:pmdProcessAgentRequest          Line:143
File:pmd/pmdAgent.cpp
Message:
Delete condition: { _id: 1 }

2013-09-24-06.39.33.777215               Level:EVENT
PID:22011                                TID:22014
Function:pmdTcpListenerEntryPoint        Line:40
File:pmd/pmdTcpListener.cpp
Message:
Listening on port_test 48127


2013-09-24-06.40.50.944998               Level:EVENT
PID:22011                                TID:22015
Function:pmdProcessAgentRequest          Line:143
File:pmd/pmdAgent.cpp
Message:
Delete condition: { _id: 2 }

2013-09-24-06.48.20.626371               Level:EVENT
PID:23359                                TID:23360
Function:pmdTcpListenerEntryPoint        Line:40
File:pmd/pmdTcpListener.cpp
Message:
Listening on port_test 48127


2013-09-24-06.49.33.371194               Level:EVENT
PID:23359                                TID:23362
Function:pmdProcessAgentRequest          Line:83
File:pmd/pmdAgent.cpp
Message:
Insert: insertor: { _id: 1, id1: "helloee" }

2013-09-24-06.49.33.371505               Level:ERROR
PID:23359                                TID:23362
Function:isIDExist                       Line:150
File:ixm/ixmBucket.cpp
Message:
record _id does exist

2013-09-24-06.49.33.371636               Level:ERROR
PID:23359                                TID:23362
Function:isIDExist                       Line:38
File:ixm/ixmBucket.cpp
Message:
Failed to create index, rc = -14

2013-09-24-06.49.33.371741               Level:ERROR
PID:23359                                TID:23362
Function:rtnInsert                       Line:75
File:rtn/rtn.cpp
Message:
Failed to call isIDExist, rc = -14

2013-09-24-06.49.33.371848               Level:ERROR
PID:23359                                TID:23362
Function:pmdProcessAgentRequest          Line:196
File:pmd/pmdAgent.cpp
Message:
Failed to perform operation, rc = -14

2013-09-24-06.49.33.371950               Level:ERROR
PID:23359                                TID:23362
Function:pmdProcessAgentRequest          Line:232
File:pmd/pmdAgent.cpp
Message:
System error, probe: 0, rc = -14

2013-09-24-06.49.33.372022               Level:ERROR
PID:23359                                TID:23362
Function:pmdAgentEntryPoint              Line:367
File:pmd/pmdAgent.cpp
Message:
Error processing Agent request, rc=-14

2013-09-24-06.56.21.515549               Level:EVENT
PID:23359                                TID:23362
Function:pmdProcessAgentRequest          Line:125
File:pmd/pmdAgent.cpp
Message:
Query condition: { _id: 1 }

2013-09-24-06.56.31.451510               Level:EVENT
PID:23359                                TID:23362
Function:pmdProcessAgentRequest          Line:143
File:pmd/pmdAgent.cpp
Message:
Delete condition: { _id: 1 }

2013-09-24-06.56.58.999045               Level:EVENT
PID:23359                                TID:23362
Function:pmdProcessAgentRequest          Line:83
File:pmd/pmdAgent.cpp
Message:
Insert: insertor: { _id: 1, id1: "helloee" }

2013-09-24-06.57.10.730303               Level:EVENT
PID:23359                                TID:23362
Function:pmdProcessAgentRequest          Line:125
File:pmd/pmdAgent.cpp
Message:
Query condition: { _id: 1 }

2013-09-24-06.57.10.730528               Level:ERROR
PID:23359                                TID:23362
Function:findIndex                       Line:207
File:ixm/ixmBucket.cpp
Message:
record _id does not exist

2013-09-24-06.57.10.730679               Level:ERROR
PID:23359                                TID:23362
Function:findIndex                       Line:73
File:ixm/ixmBucket.cpp
Message:
Failed to find index, rc = -2

2013-09-24-06.57.10.730814               Level:ERROR
PID:23359                                TID:23362
Function:rtnFind                         Line:94
File:rtn/rtn.cpp
Message:
Failed to call ixm findIndex, rc = -2

2013-09-24-06.57.10.730891               Level:ERROR
PID:23359                                TID:23362
Function:pmdProcessAgentRequest          Line:196
File:pmd/pmdAgent.cpp
Message:
Failed to perform operation, rc = -2

2013-09-24-06.57.10.730995               Level:ERROR
PID:23359                                TID:23362
Function:pmdProcessAgentRequest          Line:224
File:pmd/pmdAgent.cpp
Message:
Invalid argument is received, probe: 0

2013-09-24-06.57.10.731274               Level:ERROR
PID:23359                                TID:23362
Function:pmdAgentEntryPoint              Line:367
File:pmd/pmdAgent.cpp
Message:
Error processing Agent request, rc=-2

2013-09-24-06.57.44.166448               Level:EVENT
PID:23359                                TID:23362
Function:pmdProcessAgentRequest          Line:125
File:pmd/pmdAgent.cpp
Message:
Query condition: { _id: 1 }

2013-09-24-06.57.44.166768               Level:ERROR
PID:23359                                TID:23362
Function:findIndex                       Line:207
File:ixm/ixmBucket.cpp
Message:
record _id does not exist

2013-09-24-06.57.44.166882               Level:ERROR
PID:23359                                TID:23362
Function:findIndex                       Line:73
File:ixm/ixmBucket.cpp
Message:
Failed to find index, rc = -2

2013-09-24-06.57.44.167084               Level:ERROR
PID:23359                                TID:23362
Function:rtnFind                         Line:94
File:rtn/rtn.cpp
Message:
Failed to call ixm findIndex, rc = -2

2013-09-24-06.57.44.167199               Level:ERROR
PID:23359                                TID:23362
Function:pmdProcessAgentRequest          Line:196
File:pmd/pmdAgent.cpp
Message:
Failed to perform operation, rc = -2

2013-09-24-06.57.44.167397               Level:ERROR
PID:23359                                TID:23362
Function:pmdProcessAgentRequest          Line:224
File:pmd/pmdAgent.cpp
Message:
Invalid argument is received, probe: 0

2013-09-24-06.57.44.167601               Level:ERROR
PID:23359                                TID:23362
Function:pmdAgentEntryPoint              Line:367
File:pmd/pmdAgent.cpp
Message:
Error processing Agent request, rc=-2

2013-09-24-06.58.16.680252               Level:EVENT
PID:23359                                TID:23362
Function:pmdProcessAgentRequest          Line:125
File:pmd/pmdAgent.cpp
Message:
Query condition: { _id: 2 }

2013-09-24-06.58.36.246624               Level:EVENT
PID:23359                                TID:23362
Function:pmdProcessAgentRequest          Line:83
File:pmd/pmdAgent.cpp
Message:
Insert: insertor: { _id: 1, id1: "helloee" }

2013-09-24-06.58.43.350914               Level:EVENT
PID:23359                                TID:23362
Function:pmdProcessAgentRequest          Line:125
File:pmd/pmdAgent.cpp
Message:
Query condition: { _id: 1 }

2013-09-24-06.58.43.351122               Level:ERROR
PID:23359                                TID:23362
Function:findIndex                       Line:207
File:ixm/ixmBucket.cpp
Message:
record _id does not exist

2013-09-24-06.58.43.351198               Level:ERROR
PID:23359                                TID:23362
Function:findIndex                       Line:73
File:ixm/ixmBucket.cpp
Message:
Failed to find index, rc = -2

2013-09-24-06.58.43.351356               Level:ERROR
PID:23359                                TID:23362
Function:rtnFind                         Line:94
File:rtn/rtn.cpp
Message:
Failed to call ixm findIndex, rc = -2

2013-09-24-06.58.43.351432               Level:ERROR
PID:23359                                TID:23362
Function:pmdProcessAgentRequest          Line:196
File:pmd/pmdAgent.cpp
Message:
Failed to perform operation, rc = -2

2013-09-24-06.58.43.351560               Level:ERROR
PID:23359                                TID:23362
Function:pmdProcessAgentRequest          Line:224
File:pmd/pmdAgent.cpp
Message:
Invalid argument is received, probe: 0

2013-09-24-06.58.43.351667               Level:ERROR
PID:23359                                TID:23362
Function:pmdAgentEntryPoint              Line:367
File:pmd/pmdAgent.cpp
Message:
Error processing Agent request, rc=-2

2013-09-24-06.59.09.653982               Level:EVENT
PID:23359                                TID:23362
Function:pmdProcessAgentRequest          Line:83
File:pmd/pmdAgent.cpp
Message:
Insert: insertor: { _id: 1, id1: "helloee" }

2013-09-24-06.59.12.213927               Level:EVENT
PID:23359                                TID:23362
Function:pmdProcessAgentRequest          Line:83
File:pmd/pmdAgent.cpp
Message:
Insert: insertor: { _id: 1, id1: "helloee" }

2013-09-24-06.59.14.341145               Level:EVENT
PID:23359                                TID:23362
Function:pmdProcessAgentRequest          Line:83
File:pmd/pmdAgent.cpp
Message:
Insert: insertor: { _id: 1, id1: "helloee" }

2013-09-24-06.59.23.109287               Level:EVENT
PID:23359                                TID:23362
Function:pmdProcessAgentRequest          Line:83
File:pmd/pmdAgent.cpp
Message:
Insert: insertor: { _id: 1, id1: "helloee" }

2013-09-24-06.59.43.460303               Level:EVENT
PID:23359                                TID:23362
Function:pmdProcessAgentRequest          Line:83
File:pmd/pmdAgent.cpp
Message:
Insert: insertor: { _id: 2, tweo: "rtrn" }

2013-09-24-06.59.43.460670               Level:ERROR
PID:23359                                TID:23362
Function:isIDExist                       Line:150
File:ixm/ixmBucket.cpp
Message:
record _id does exist

2013-09-24-06.59.43.460813               Level:ERROR
PID:23359                                TID:23362
Function:isIDExist                       Line:38
File:ixm/ixmBucket.cpp
Message:
Failed to create index, rc = -14

2013-09-24-06.59.43.460886               Level:ERROR
PID:23359                                TID:23362
Function:rtnInsert                       Line:75
File:rtn/rtn.cpp
Message:
Failed to call isIDExist, rc = -14

2013-09-24-06.59.43.460956               Level:ERROR
PID:23359                                TID:23362
Function:pmdProcessAgentRequest          Line:196
File:pmd/pmdAgent.cpp
Message:
Failed to perform operation, rc = -14

2013-09-24-06.59.43.461102               Level:ERROR
PID:23359                                TID:23362
Function:pmdProcessAgentRequest          Line:232
File:pmd/pmdAgent.cpp
Message:
System error, probe: 0, rc = -14

2013-09-24-06.59.43.461176               Level:ERROR
PID:23359                                TID:23362
Function:pmdAgentEntryPoint              Line:367
File:pmd/pmdAgent.cpp
Message:
Error processing Agent request, rc=-14

2013-09-24-07.00.13.283928               Level:EVENT
PID:23359                                TID:23362
Function:pmdProcessAgentRequest          Line:83
File:pmd/pmdAgent.cpp
Message:
Insert: insertor: { _id: 1, sad: "sd" }

2013-09-24-07.00.26.660701               Level:EVENT
PID:23359                                TID:23362
Function:pmdProcessAgentRequest          Line:125
File:pmd/pmdAgent.cpp
Message:
Query condition: { _id: 1 }

2013-09-24-07.00.26.661059               Level:ERROR
PID:23359                                TID:23362
Function:findIndex                       Line:207
File:ixm/ixmBucket.cpp
Message:
record _id does not exist

2013-09-24-07.00.26.661418               Level:ERROR
PID:23359                                TID:23362
Function:findIndex                       Line:73
File:ixm/ixmBucket.cpp
Message:
Failed to find index, rc = -2

2013-09-24-07.00.26.661551               Level:ERROR
PID:23359                                TID:23362
Function:rtnFind                         Line:94
File:rtn/rtn.cpp
Message:
Failed to call ixm findIndex, rc = -2

2013-09-24-07.00.26.661664               Level:ERROR
PID:23359                                TID:23362
Function:pmdProcessAgentRequest          Line:196
File:pmd/pmdAgent.cpp
Message:
Failed to perform operation, rc = -2

2013-09-24-07.00.26.661928               Level:ERROR
PID:23359                                TID:23362
Function:pmdProcessAgentRequest          Line:224
File:pmd/pmdAgent.cpp
Message:
Invalid argument is received, probe: 0

2013-09-24-07.00.26.662162               Level:ERROR
PID:23359                                TID:23362
Function:pmdAgentEntryPoint              Line:367
File:pmd/pmdAgent.cpp
Message:
Error processing Agent request, rc=-2

2013-09-24-07.02.12.142599               Level:EVENT
PID:23359                                TID:23362
Function:pmdProcessAgentRequest          Line:125
File:pmd/pmdAgent.cpp
Message:
Query condition: { _id: 2 }

2013-09-24-07.02.20.030222               Level:EVENT
PID:23359                                TID:23362
Function:pmdProcessAgentRequest          Line:125
File:pmd/pmdAgent.cpp
Message:
Query condition: { _id: 3 }

2013-09-24-07.02.20.030366               Level:ERROR
PID:23359                                TID:23362
Function:findIndex                       Line:207
File:ixm/ixmBucket.cpp
Message:
record _id does not exist

2013-09-24-07.02.20.030406               Level:ERROR
PID:23359                                TID:23362
Function:findIndex                       Line:73
File:ixm/ixmBucket.cpp
Message:
Failed to find index, rc = -2

2013-09-24-07.02.20.030479               Level:ERROR
PID:23359                                TID:23362
Function:rtnFind                         Line:94
File:rtn/rtn.cpp
Message:
Failed to call ixm findIndex, rc = -2

2013-09-24-07.02.20.030519               Level:ERROR
PID:23359                                TID:23362
Function:pmdProcessAgentRequest          Line:196
File:pmd/pmdAgent.cpp
Message:
Failed to perform operation, rc = -2

2013-09-24-07.02.20.030576               Level:ERROR
PID:23359                                TID:23362
Function:pmdProcessAgentRequest          Line:224
File:pmd/pmdAgent.cpp
Message:
Invalid argument is received, probe: 0

2013-09-24-07.02.20.030617               Level:ERROR
PID:23359                                TID:23362
Function:pmdAgentEntryPoint              Line:367
File:pmd/pmdAgent.cpp
Message:
Error processing Agent request, rc=-2

2013-09-24-07.02.54.174320               Level:EVENT
PID:23359                                TID:23362
Function:pmdProcessAgentRequest          Line:83
File:pmd/pmdAgent.cpp
Message:
Insert: insertor: { _id: 3, san: "third" }

2013-09-24-07.03.02.333274               Level:EVENT
PID:23359                                TID:23362
Function:pmdProcessAgentRequest          Line:125
File:pmd/pmdAgent.cpp
Message:
Query condition: { _id: 3 }

2013-09-24-07.03.02.333413               Level:ERROR
PID:23359                                TID:23362
Function:findIndex                       Line:207
File:ixm/ixmBucket.cpp
Message:
record _id does not exist

2013-09-24-07.03.02.333460               Level:ERROR
PID:23359                                TID:23362
Function:findIndex                       Line:73
File:ixm/ixmBucket.cpp
Message:
Failed to find index, rc = -2

2013-09-24-07.03.02.333545               Level:ERROR
PID:23359                                TID:23362
Function:rtnFind                         Line:94
File:rtn/rtn.cpp
Message:
Failed to call ixm findIndex, rc = -2

2013-09-24-07.03.02.333590               Level:ERROR
PID:23359                                TID:23362
Function:pmdProcessAgentRequest          Line:196
File:pmd/pmdAgent.cpp
Message:
Failed to perform operation, rc = -2

2013-09-24-07.03.02.333634               Level:ERROR
PID:23359                                TID:23362
Function:pmdProcessAgentRequest          Line:224
File:pmd/pmdAgent.cpp
Message:
Invalid argument is received, probe: 0

2013-09-24-07.03.02.333700               Level:ERROR
PID:23359                                TID:23362
Function:pmdAgentEntryPoint              Line:367
File:pmd/pmdAgent.cpp
Message:
Error processing Agent request, rc=-2

2013-09-24-07.04.19.983070               Level:EVENT
PID:23359                                TID:23362
Function:pmdProcessAgentRequest          Line:125
File:pmd/pmdAgent.cpp
Message:
Query condition: { _id: 3 }

2013-09-24-07.04.19.983275               Level:ERROR
PID:23359                                TID:23362
Function:findIndex                       Line:207
File:ixm/ixmBucket.cpp
Message:
record _id does not exist

2013-09-24-07.04.19.983586               Level:ERROR
PID:23359                                TID:23362
Function:findIndex                       Line:73
File:ixm/ixmBucket.cpp
Message:
Failed to find index, rc = -2

2013-09-24-07.04.19.983714               Level:ERROR
PID:23359                                TID:23362
Function:rtnFind                         Line:94
File:rtn/rtn.cpp
Message:
Failed to call ixm findIndex, rc = -2

2013-09-24-07.04.19.983906               Level:ERROR
PID:23359                                TID:23362
Function:pmdProcessAgentRequest          Line:196
File:pmd/pmdAgent.cpp
Message:
Failed to perform operation, rc = -2

2013-09-24-07.04.19.984011               Level:ERROR
PID:23359                                TID:23362
Function:pmdProcessAgentRequest          Line:224
File:pmd/pmdAgent.cpp
Message:
Invalid argument is received, probe: 0

2013-09-24-07.04.19.984115               Level:ERROR
PID:23359                                TID:23362
Function:pmdAgentEntryPoint              Line:367
File:pmd/pmdAgent.cpp
Message:
Error processing Agent request, rc=-2

2013-09-24-07.04.26.605940               Level:EVENT
PID:23359                                TID:23362
Function:pmdProcessAgentRequest          Line:125
File:pmd/pmdAgent.cpp
Message:
Query condition: { _id: 3 }

2013-09-24-07.04.26.606079               Level:ERROR
PID:23359                                TID:23362
Function:findIndex                       Line:207
File:ixm/ixmBucket.cpp
Message:
record _id does not exist

2013-09-24-07.04.26.606172               Level:ERROR
PID:23359                                TID:23362
Function:findIndex                       Line:73
File:ixm/ixmBucket.cpp
Message:
Failed to find index, rc = -2

2013-09-24-07.04.26.606291               Level:ERROR
PID:23359                                TID:23362
Function:rtnFind                         Line:94
File:rtn/rtn.cpp
Message:
Failed to call ixm findIndex, rc = -2

2013-09-24-07.04.26.606507               Level:ERROR
PID:23359                                TID:23362
Function:pmdProcessAgentRequest          Line:196
File:pmd/pmdAgent.cpp
Message:
Failed to perform operation, rc = -2

2013-09-24-07.04.26.606567               Level:ERROR
PID:23359                                TID:23362
Function:pmdProcessAgentRequest          Line:224
File:pmd/pmdAgent.cpp
Message:
Invalid argument is received, probe: 0

2013-09-24-07.04.26.606622               Level:ERROR
PID:23359                                TID:23362
Function:pmdAgentEntryPoint              Line:367
File:pmd/pmdAgent.cpp
Message:
Error processing Agent request, rc=-2

2013-09-24-07.04.34.382264               Level:EVENT
PID:23359                                TID:23362
Function:pmdProcessAgentRequest          Line:125
File:pmd/pmdAgent.cpp
Message:
Query condition: { _id: 3 }

2013-09-24-07.04.34.382461               Level:ERROR
PID:23359                                TID:23362
Function:findIndex                       Line:207
File:ixm/ixmBucket.cpp
Message:
record _id does not exist

2013-09-24-07.04.34.382534               Level:ERROR
PID:23359                                TID:23362
Function:findIndex                       Line:73
File:ixm/ixmBucket.cpp
Message:
Failed to find index, rc = -2

2013-09-24-07.04.34.382642               Level:ERROR
PID:23359                                TID:23362
Function:rtnFind                         Line:94
File:rtn/rtn.cpp
Message:
Failed to call ixm findIndex, rc = -2

2013-09-24-07.04.34.382777               Level:ERROR
PID:23359                                TID:23362
Function:pmdProcessAgentRequest          Line:196
File:pmd/pmdAgent.cpp
Message:
Failed to perform operation, rc = -2

2013-09-24-07.04.34.382964               Level:ERROR
PID:23359                                TID:23362
Function:pmdProcessAgentRequest          Line:224
File:pmd/pmdAgent.cpp
Message:
Invalid argument is received, probe: 0

2013-09-24-07.04.34.383107               Level:ERROR
PID:23359                                TID:23362
Function:pmdAgentEntryPoint              Line:367
File:pmd/pmdAgent.cpp
Message:
Error processing Agent request, rc=-2

2013-09-24-07.05.16.632365               Level:WARNING
PID:23359                                TID:23362
Function:recv                            Line:347
File:oss/ossSocket.cpp
Message:
Peer unexpected shutdown

2013-09-24-07.15.37.034890               Level:EVENT
PID:23359                                TID:23362
Function:pmdEDUEntryPoint                Line:174
File:pmd/pmdEDU.cpp
Message:
EDU 2 is forced

2013-09-24-07.15.39.750444               Level:ERROR
PID:24738                                TID:24738
Function:isIDExist                       Line:150
File:ixm/ixmBucket.cpp
Message:
record _id does exist

2013-09-24-07.15.39.750703               Level:ERROR
PID:24738                                TID:24738
Function:isIDExist                       Line:38
File:ixm/ixmBucket.cpp
Message:
Failed to create index, rc = -14

2013-09-24-07.15.39.750872               Level:ERROR
PID:24738                                TID:24738
Function:_loadData                       Line:536
File:dms/dms.cpp
Message:
Failed to call isIDExist, rc = -14

2013-09-24-07.15.39.750944               Level:ERROR
PID:24738                                TID:24738
Function:initialize                      Line:326
File:dms/dms.cpp
Message:
Failed to load data, rc = -14

2013-09-24-07.15.39.751048               Level:ERROR
PID:24738                                TID:24738
Function:rtnInitialize                   Line:59
File:rtn/rtn.cpp
Message:
Failed to call dms initialize, rc = -14

2013-09-24-07.15.39.751179               Level:ERROR
PID:24738                                TID:24738
Function:pmdResolveArguments             Line:38
File:pmd/pmdMain.cpp
Message:
Failed to init krcb, rc = -14

2013-09-24-07.15.39.751251               Level:ERROR
PID:24738                                TID:24738
Function:pmdMasterThreadMain             Line:168
File:pmd/pmdMain.cpp
Message:
Failed to resolve argument, rc = -14

2013-09-24-07.15.51.909552               Level:ERROR
PID:24739                                TID:24739
Function:isIDExist                       Line:150
File:ixm/ixmBucket.cpp
Message:
record _id does exist

2013-09-24-07.15.51.909911               Level:ERROR
PID:24739                                TID:24739
Function:isIDExist                       Line:38
File:ixm/ixmBucket.cpp
Message:
Failed to create index, rc = -14

2013-09-24-07.15.51.910024               Level:ERROR
PID:24739                                TID:24739
Function:_loadData                       Line:536
File:dms/dms.cpp
Message:
Failed to call isIDExist, rc = -14

2013-09-24-07.15.51.910185               Level:ERROR
PID:24739                                TID:24739
Function:initialize                      Line:326
File:dms/dms.cpp
Message:
Failed to load data, rc = -14

2013-09-24-07.15.51.910313               Level:ERROR
PID:24739                                TID:24739
Function:rtnInitialize                   Line:59
File:rtn/rtn.cpp
Message:
Failed to call dms initialize, rc = -14

2013-09-24-07.15.51.911016               Level:ERROR
PID:24739                                TID:24739
Function:pmdResolveArguments             Line:38
File:pmd/pmdMain.cpp
Message:
Failed to init krcb, rc = -14

2013-09-24-07.15.51.911140               Level:ERROR
PID:24739                                TID:24739
Function:pmdMasterThreadMain             Line:168
File:pmd/pmdMain.cpp
Message:
Failed to resolve argument, rc = -14

2013-09-24-07.16.01.413649               Level:ERROR
PID:24741                                TID:24741
Function:isIDExist                       Line:150
File:ixm/ixmBucket.cpp
Message:
record _id does exist

2013-09-24-07.16.01.413998               Level:ERROR
PID:24741                                TID:24741
Function:isIDExist                       Line:38
File:ixm/ixmBucket.cpp
Message:
Failed to create index, rc = -14

2013-09-24-07.16.01.414074               Level:ERROR
PID:24741                                TID:24741
Function:_loadData                       Line:536
File:dms/dms.cpp
Message:
Failed to call isIDExist, rc = -14

2013-09-24-07.16.01.414182               Level:ERROR
PID:24741                                TID:24741
Function:initialize                      Line:326
File:dms/dms.cpp
Message:
Failed to load data, rc = -14

2013-09-24-07.16.01.414337               Level:ERROR
PID:24741                                TID:24741
Function:rtnInitialize                   Line:59
File:rtn/rtn.cpp
Message:
Failed to call dms initialize, rc = -14

2013-09-24-07.16.01.414468               Level:ERROR
PID:24741                                TID:24741
Function:pmdResolveArguments             Line:38
File:pmd/pmdMain.cpp
Message:
Failed to init krcb, rc = -14

2013-09-24-07.16.01.414572               Level:ERROR
PID:24741                                TID:24741
Function:pmdMasterThreadMain             Line:168
File:pmd/pmdMain.cpp
Message:
Failed to resolve argument, rc = -14

2013-09-24-07.21.09.864170               Level:EVENT
PID:24752                                TID:24753
Function:pmdTcpListenerEntryPoint        Line:40
File:pmd/pmdTcpListener.cpp
Message:
Listening on port_test 48127


2013-09-24-07.21.18.152055               Level:EVENT
PID:24754                                TID:24755
Function:pmdTcpListenerEntryPoint        Line:40
File:pmd/pmdTcpListener.cpp
Message:
Listening on port_test 48127


2013-09-24-07.22.04.546275               Level:EVENT
PID:24754                                TID:24757
Function:pmdProcessAgentRequest          Line:83
File:pmd/pmdAgent.cpp
Message:
Insert: insertor: { _id: 1, myi: "asdiii" }

2013-09-24-07.22.14.450399               Level:EVENT
PID:24754                                TID:24757
Function:pmdProcessAgentRequest          Line:125
File:pmd/pmdAgent.cpp
Message:
Query condition: { _id: 1 }

2013-09-24-07.22.27.665379               Level:EVENT
PID:24754                                TID:24757
Function:pmdProcessAgentRequest          Line:143
File:pmd/pmdAgent.cpp
Message:
Delete condition: { _id: 1 }

2013-09-24-07.22.36.705924               Level:EVENT
PID:24754                                TID:24757
Function:pmdProcessAgentRequest          Line:125
File:pmd/pmdAgent.cpp
Message:
Query condition: { _id: 1 }

2013-09-24-07.22.36.706228               Level:ERROR
PID:24754                                TID:24757
Function:findIndex                       Line:207
File:ixm/ixmBucket.cpp
Message:
record _id does not exist

2013-09-24-07.22.36.706461               Level:ERROR
PID:24754                                TID:24757
Function:findIndex                       Line:73
File:ixm/ixmBucket.cpp
Message:
Failed to find index, rc = -2

2013-09-24-07.22.36.706761               Level:ERROR
PID:24754                                TID:24757
Function:rtnFind                         Line:96
File:rtn/rtn.cpp
Message:
Failed to call ixm findIndex, rc = -2

2013-09-24-07.22.36.706873               Level:ERROR
PID:24754                                TID:24757
Function:pmdProcessAgentRequest          Line:196
File:pmd/pmdAgent.cpp
Message:
Failed to perform operation, rc = -2

2013-09-24-07.22.36.707119               Level:ERROR
PID:24754                                TID:24757
Function:pmdProcessAgentRequest          Line:224
File:pmd/pmdAgent.cpp
Message:
Invalid argument is received, probe: 0

2013-09-24-07.22.36.707231               Level:ERROR
PID:24754                                TID:24757
Function:pmdAgentEntryPoint              Line:367
File:pmd/pmdAgent.cpp
Message:
Error processing Agent request, rc=-2

2013-09-25-19.20.10.718524               Level:EVENT
PID:872                                  TID:873
Function:pmdTcpListenerEntryPoint        Line:40
File:pmd/pmdTcpListener.cpp
Message:
Listening on port_test 48127


2013-09-25-19.27.27.427437               Level:EVENT
PID:872                                  TID:874
Function:pmdProcessAgentRequest          Line:83
File:pmd/pmdAgent.cpp
Message:
Insert: insertor: { _id: 126, hellow: "word" }

2013-09-25-19.27.27.576086               Level:EVENT
PID:872                                  TID:874
Function:pmdProcessAgentRequest          Line:125
File:pmd/pmdAgent.cpp
Message:
Query condition: { _id: 126 }

2013-09-25-19.27.27.577740               Level:EVENT
PID:872                                  TID:874
Function:pmdProcessAgentRequest          Line:143
File:pmd/pmdAgent.cpp
Message:
Delete condition: { _id: 126 }

2013-09-25-19.27.27.579888               Level:EVENT
PID:872                                  TID:874
Function:pmdProcessAgentRequest          Line:174
File:pmd/pmdAgent.cpp
Message:
Receive disconnect msg

2013-09-25-19.43.45.372577               Level:EVENT
PID:872                                  TID:874
Function:pmdProcessAgentRequest          Line:83
File:pmd/pmdAgent.cpp
Message:
Insert: insertor: { _id: 99, next: "world" }

2013-09-25-19.43.45.375019               Level:EVENT
PID:872                                  TID:874
Function:pmdProcessAgentRequest          Line:125
File:pmd/pmdAgent.cpp
Message:
Query condition: { _id: 99 }

2013-09-25-19.43.45.376953               Level:EVENT
PID:872                                  TID:874
Function:pmdProcessAgentRequest          Line:143
File:pmd/pmdAgent.cpp
Message:
Delete condition: { _id: 99 }

2013-09-25-19.43.45.378516               Level:EVENT
PID:872                                  TID:874
Function:pmdProcessAgentRequest          Line:174
File:pmd/pmdAgent.cpp
Message:
Receive disconnect msg

2013-09-25-19.44.19.640146               Level:EVENT
PID:872                                  TID:874
Function:pmdProcessAgentRequest          Line:83
File:pmd/pmdAgent.cpp
Message:
Insert: insertor: { _id: 99, next: "world" }

2013-09-25-19.45.42.720528               Level:EVENT
PID:872                                  TID:874
Function:pmdProcessAgentRequest          Line:125
File:pmd/pmdAgent.cpp
Message:
Query condition: { _id: 99 }

2013-09-25-20.12.34.888086               Level:EVENT
PID:872                                  TID:874
Function:pmdProcessAgentRequest          Line:143
File:pmd/pmdAgent.cpp
Message:
Delete condition: { _id: 99 }

2013-09-25-20.12.34.890393               Level:EVENT
PID:872                                  TID:874
Function:pmdProcessAgentRequest          Line:174
File:pmd/pmdAgent.cpp
Message:
Receive disconnect msg

2013-09-25-20.12.45.574159               Level:EVENT
PID:872                                  TID:874
Function:pmdProcessAgentRequest          Line:83
File:pmd/pmdAgent.cpp
Message:
Insert: insertor: { _id: 99, next: "world" }

2013-09-25-20.12.51.336434               Level:EVENT
PID:872                                  TID:874
Function:pmdProcessAgentRequest          Line:125
File:pmd/pmdAgent.cpp
Message:
Query condition: { _id: 99 }

2013-09-25-20.12.55.662676               Level:EVENT
PID:872                                  TID:874
Function:pmdProcessAgentRequest          Line:143
File:pmd/pmdAgent.cpp
Message:
Delete condition: { _id: 99 }

2013-09-25-20.12.55.664508               Level:EVENT
PID:872                                  TID:874
Function:pmdProcessAgentRequest          Line:174
File:pmd/pmdAgent.cpp
Message:
Receive disconnect msg

2013-09-25-20.16.55.076863               Level:EVENT
PID:872                                  TID:874
Function:pmdProcessAgentRequest          Line:83
File:pmd/pmdAgent.cpp
Message:
Insert: insertor: { _id: 99, next: "world" }

2013-09-25-20.16.55.078675               Level:EVENT
PID:872                                  TID:874
Function:pmdProcessAgentRequest          Line:125
File:pmd/pmdAgent.cpp
Message:
Query condition: { _id: 99 }

2013-09-25-20.16.55.095216               Level:EVENT
PID:872                                  TID:874
Function:pmdProcessAgentRequest          Line:143
File:pmd/pmdAgent.cpp
Message:
Delete condition: { _id: 99 }

2013-09-25-20.16.55.097632               Level:EVENT
PID:872                                  TID:874
Function:pmdProcessAgentRequest          Line:174
File:pmd/pmdAgent.cpp
Message:
Receive disconnect msg

2013-09-25-20.18.44.123271               Level:EVENT
PID:872                                  TID:874
Function:pmdProcessAgentRequest          Line:83
File:pmd/pmdAgent.cpp
Message:
Insert: insertor: { _id: 99, next: "world" }

2013-09-25-20.18.44.125881               Level:EVENT
PID:872                                  TID:874
Function:pmdProcessAgentRequest          Line:125
File:pmd/pmdAgent.cpp
Message:
Query condition: { _id: 99 }

2013-09-25-20.18.44.140870               Level:EVENT
PID:872                                  TID:874
Function:pmdProcessAgentRequest          Line:143
File:pmd/pmdAgent.cpp
Message:
Delete condition: { _id: 99 }

2013-09-25-20.18.44.142158               Level:EVENT
PID:872                                  TID:874
Function:pmdProcessAgentRequest          Line:174
File:pmd/pmdAgent.cpp
Message:
Receive disconnect msg

2013-09-25-20.30.18.659153               Level:EVENT
PID:872                                  TID:874
Function:pmdEDUEntryPoint                Line:174
File:pmd/pmdEDU.cpp
Message:
EDU 2 is forced

2013-09-25-22.02.49.097884               Level:EVENT
PID:9359                                 TID:9360
Function:pmdTcpListenerEntryPoint        Line:40
File:pmd/pmdTcpListener.cpp
Message:
Listening on port_test 48127


2013-09-25-22.05.53.128168               Level:EVENT
PID:9359                                 TID:9364
Function:pmdProcessAgentRequest          Line:190
File:pmd/pmdAgent.cpp
Message:
Receive disconnect msg

2013-09-25-22.12.33.849505               Level:WARNING
PID:9359                                 TID:9363
Function:recv                            Line:347
File:oss/ossSocket.cpp
Message:
Peer unexpected shutdown

2013-09-25-22.12.35.850143               Level:EVENT
PID:9359                                 TID:9363
Function:pmdEDUEntryPoint                Line:174
File:pmd/pmdEDU.cpp
Message:
EDU 2 is forced

2013-09-25-22.12.36.443137               Level:EVENT
PID:9359                                 TID:9364
Function:pmdEDUEntryPoint                Line:174
File:pmd/pmdEDU.cpp
Message:
EDU 3 is forced

2013-09-25-22.12.43.566509               Level:EVENT
PID:10775                                TID:10776
Function:pmdTcpListenerEntryPoint        Line:40
File:pmd/pmdTcpListener.cpp
Message:
Listening on port_test 48127


2013-09-25-22.13.55.478134               Level:EVENT
PID:10775                                TID:10780
Function:pmdProcessAgentRequest          Line:190
File:pmd/pmdAgent.cpp
Message:
Receive disconnect msg

2013-09-25-22.13.59.430358               Level:EVENT
PID:10775                                TID:10778
Function:pmdProcessAgentRequest          Line:190
File:pmd/pmdAgent.cpp
Message:
Receive disconnect msg

2013-09-25-22.14.01.431857               Level:EVENT
PID:10775                                TID:10778
Function:pmdEDUEntryPoint                Line:174
File:pmd/pmdEDU.cpp
Message:
EDU 2 is forced

2013-09-25-22.14.01.481824               Level:EVENT
PID:10775                                TID:10780
Function:pmdEDUEntryPoint                Line:174
File:pmd/pmdEDU.cpp
Message:
EDU 3 is forced

2013-09-25-23.28.14.234000               Level:EVENT
PID:14206                                TID:14207
Function:pmdTcpListenerEntryPoint        Line:40
File:pmd/pmdTcpListener.cpp
Message:
Listening on port_test 48127


2013-09-25-23.28.57.822381               Level:EVENT
PID:14206                                TID:14209
Function:pmdProcessAgentRequest          Line:191
File:pmd/pmdAgent.cpp
Message:
Receive disconnect msg

2013-09-25-23.29.14.045716               Level:EVENT
PID:14206                                TID:14208
Function:pmdProcessAgentRequest          Line:191
File:pmd/pmdAgent.cpp
Message:
Receive disconnect msg

2013-09-25-23.29.30.284745               Level:WARNING
PID:14206                                TID:14208
Function:recv                            Line:347
File:oss/ossSocket.cpp
Message:
Peer unexpected shutdown

2013-09-25-23.29.32.287201               Level:EVENT
PID:14206                                TID:14208
Function:pmdEDUEntryPoint                Line:174
File:pmd/pmdEDU.cpp
Message:
EDU 2 is forced

2013-09-25-23.29.32.851075               Level:EVENT
PID:14206                                TID:14209
Function:pmdEDUEntryPoint                Line:174
File:pmd/pmdEDU.cpp
Message:
EDU 3 is forced

2013-09-25-23.45.26.001323               Level:EVENT
PID:17216                                TID:17217
Function:pmdTcpListenerEntryPoint        Line:40
File:pmd/pmdTcpListener.cpp
Message:
Listening on port_test 48127


2013-09-25-23.48.37.097813               Level:EVENT
PID:18542                                TID:18543
Function:pmdTcpListenerEntryPoint        Line:40
File:pmd/pmdTcpListener.cpp
Message:
Listening on port_test 48127


2013-09-25-23.50.11.677602               Level:EVENT
PID:18542                                TID:18545
Function:pmdProcessAgentRequest          Line:83
File:pmd/pmdAgent.cpp
Message:
Insert: insertor: { _id: 3, dfa: "hahaha" }

2013-09-25-23.50.24.781898               Level:EVENT
PID:18542                                TID:18545
Function:pmdProcessAgentRequest          Line:130
File:pmd/pmdAgent.cpp
Message:
Query condition: { _id: 3 }

2013-09-25-23.50.37.372685               Level:EVENT
PID:18542                                TID:18545
Function:pmdProcessAgentRequest          Line:153
File:pmd/pmdAgent.cpp
Message:
Delete condition: { _id: 3 }

2013-09-25-23.51.38.730788               Level:EVENT
PID:18542                                TID:18545
Function:pmdProcessAgentRequest          Line:190
File:pmd/pmdAgent.cpp
Message:
Receive disconnect msg

2013-09-25-23.52.59.320202               Level:WARNING
PID:18542                                TID:18544
Function:recv                            Line:347
File:oss/ossSocket.cpp
Message:
Peer unexpected shutdown

2013-09-25-23.53.01.322545               Level:EVENT
PID:18542                                TID:18544
Function:pmdEDUEntryPoint                Line:174
File:pmd/pmdEDU.cpp
Message:
EDU 2 is forced

2013-09-25-23.53.01.787501               Level:EVENT
PID:18542                                TID:18545
Function:pmdEDUEntryPoint                Line:174
File:pmd/pmdEDU.cpp
Message:
EDU 3 is forced

2013-09-25-23.55.35.434336               Level:EVENT
PID:19912                                TID:19913
Function:pmdTcpListenerEntryPoint        Line:40
File:pmd/pmdTcpListener.cpp
Message:
Listening on port_test 48127


2013-09-25-23.56.29.120163               Level:EVENT
PID:19912                                TID:19914
Function:pmdProcessAgentRequest          Line:83
File:pmd/pmdAgent.cpp
Message:
Insert: insertor: { _id: "223a", hoole: "wwii" }

2013-09-25-23.56.42.480896               Level:EVENT
PID:19912                                TID:19914
Function:pmdProcessAgentRequest          Line:130
File:pmd/pmdAgent.cpp
Message:
Query condition: { _id: "223a" }

2013-09-25-23.56.56.927842               Level:EVENT
PID:19912                                TID:19914
Function:pmdProcessAgentRequest          Line:153
File:pmd/pmdAgent.cpp
Message:
Delete condition: { _id: "223a" }

2013-09-25-23.57.00.894580               Level:EVENT
PID:19912                                TID:19914
Function:pmdProcessAgentRequest          Line:190
File:pmd/pmdAgent.cpp
Message:
Receive disconnect msg

2013-09-25-23.59.17.005799               Level:EVENT
PID:19912                                TID:19914
Function:pmdEDUEntryPoint                Line:174
File:pmd/pmdEDU.cpp
Message:
EDU 2 is forced

